[debug] [2021-12-10T11:18:32.195Z] ----------------------------------------------------------------------
[debug] [2021-12-10T11:18:32.197Z] Command:       C:\Program Files\nodejs\node.exe C:\Program Files\nodejs\node_modules\firebase-tools\lib\bin\firebase.js init
[debug] [2021-12-10T11:18:32.198Z] CLI Version:   9.23.1
[debug] [2021-12-10T11:18:32.198Z] Platform:      win32
[debug] [2021-12-10T11:18:32.198Z] Node Version:  v16.13.1
[debug] [2021-12-10T11:18:32.199Z] Time:          Fri Dec 10 2021 16:48:32 GMT+0530 (India Standard Time)
[debug] [2021-12-10T11:18:32.199Z] ----------------------------------------------------------------------
[debug] 
[debug] [2021-12-10T11:18:32.253Z] > command requires scopes: ["email","openid","https://www.googleapis.com/auth/cloudplatformprojects.readonly","https://www.googleapis.com/auth/firebase","https://www.googleapis.com/auth/cloud-platform"]
[debug] [2021-12-10T11:18:32.254Z] > authorizing via signed-in user (rishitashaw49@gmail.com)
[info] 
     ######## #### ########  ######## ########     ###     ######  ########
     ##        ##  ##     ## ##       ##     ##  ##   ##  ##       ##
     ######    ##  ########  ######   ########  #########  ######  ######
     ##        ##  ##    ##  ##       ##     ## ##     ##       ## ##
     ##       #### ##     ## ######## ########  ##     ##  ######  ########

You're about to initialize a Firebase project in this directory:

  C:\Users\rishi\Desktop\programs\react-boot\multitasker

Before we get started, keep in mind:

  * You are initializing within an existing Firebase project directory

[info] 
=== Project Setup
[info] 
[info] First, let's associate this project directory with a Firebase project.
[info] You can create multiple project aliases by running firebase use --add, 
[info] but for now we'll just set up a default project.
[info] 
[debug] [2021-12-10T11:18:39.416Z] Using project from CLI flag: multitasker-d37e8
[debug] [2021-12-10T11:18:39.417Z] > refreshing access token with scopes: []
[debug] [2021-12-10T11:18:39.418Z] >>> HTTP REQUEST POST https://www.googleapis.com/oauth2/v3/token  
 <request body omitted>
[debug] [2021-12-10T11:18:50.506Z] Authentication Error: Your credentials are no longer valid. Please run firebase login --reauth

For CI servers and headless environments, generate a new token with firebase login:ci
[debug] [2021-12-10T11:18:50.803Z] FirebaseError: Authentication Error: Your credentials are no longer valid. Please run firebase login --reauth

For CI servers and headless environments, generate a new token with firebase login:ci
    at invalidCredentialError (C:\Users\rishi\AppData\Roaming\nvm\v16.13.1\node_modules\firebase-tools\lib\auth.js:141:12)
    at refreshTokens (C:\Users\rishi\AppData\Roaming\nvm\v16.13.1\node_modules\firebase-tools\lib\auth.js:448:15)
    at processTicksAndRejections (node:internal/process/task_queues:96:5)
    at async Client.getAccessToken (C:\Users\rishi\AppData\Roaming\nvm\v16.13.1\node_modules\firebase-tools\lib\apiv2.js:146:23)
    at async Client.addAuthHeader (C:\Users\rishi\AppData\Roaming\nvm\v16.13.1\node_modules\firebase-tools\lib\apiv2.js:137:21)
    at async Client.request (C:\Users\rishi\AppData\Roaming\nvm\v16.13.1\node_modules\firebase-tools\lib\apiv2.js:93:34)
    at async Object.getFirebaseProject (C:\Users\rishi\AppData\Roaming\nvm\v16.13.1\node_modules\firebase-tools\lib\management\projects.js:290:21)
    at async Object.doSetup [as project] (C:\Users\rishi\AppData\Roaming\nvm\v16.13.1\node_modules\firebase-tools\lib\init\features\project.js:85:27)
    at async init (C:\Users\rishi\AppData\Roaming\nvm\v16.13.1\node_modules\firebase-tools\lib\init\index.js:19:9)
[error] 
[error] Error: Failed to get Firebase project multitasker-d37e8. Please make sure the project exists and your account has permission to access it.
[debug] [2021-12-10T11:19:01.087Z] ----------------------------------------------------------------------
[debug] [2021-12-10T11:19:01.089Z] Command:       C:\Program Files\nodejs\node.exe C:\Program Files\nodejs\node_modules\firebase-tools\lib\bin\firebase.js init
[debug] [2021-12-10T11:19:01.089Z] CLI Version:   9.23.1
[debug] [2021-12-10T11:19:01.089Z] Platform:      win32
[debug] [2021-12-10T11:19:01.089Z] Node Version:  v16.13.1
[debug] [2021-12-10T11:19:01.090Z] Time:          Fri Dec 10 2021 16:49:01 GMT+0530 (India Standard Time)
[debug] [2021-12-10T11:19:01.091Z] ----------------------------------------------------------------------
[debug] 
[debug] [2021-12-10T11:19:01.144Z] > command requires scopes: ["email","openid","https://www.googleapis.com/auth/cloudplatformprojects.readonly","https://www.googleapis.com/auth/firebase","https://www.googleapis.com/auth/cloud-platform"]
[debug] [2021-12-10T11:19:01.145Z] > authorizing via signed-in user (rishitashaw49@gmail.com)
[info] 
     ######## #### ########  ######## ########     ###     ######  ########
     ##        ##  ##     ## ##       ##     ##  ##   ##  ##       ##
     ######    ##  ########  ######   ########  #########  ######  ######
     ##        ##  ##    ##  ##       ##     ## ##     ##       ## ##
     ##       #### ##     ## ######## ########  ##     ##  ######  ########

You're about to initialize a Firebase project in this directory:

  C:\Users\rishi\Desktop\programs\react-boot\multitasker

Before we get started, keep in mind:

  * You are initializing within an existing Firebase project directory

[info] 
=== Project Setup
[info] 
[info] First, let's associate this project directory with a Firebase project.
[info] You can create multiple project aliases by running firebase use --add, 
[info] but for now we'll just set up a default project.
[info] 
[debug] [2021-12-10T11:19:06.417Z] Using project from CLI flag: multitasker-d37e8
[debug] [2021-12-10T11:19:06.419Z] > refreshing access token with scopes: []
[debug] [2021-12-10T11:19:06.419Z] >>> HTTP REQUEST POST https://www.googleapis.com/oauth2/v3/token  
 <request body omitted>
[debug] [2021-12-10T11:19:17.496Z] Authentication Error: Your credentials are no longer valid. Please run firebase login --reauth

For CI servers and headless environments, generate a new token with firebase login:ci
[debug] [2021-12-10T11:19:25.542Z] FirebaseError: Authentication Error: Your credentials are no longer valid. Please run firebase login --reauth

For CI servers and headless environments, generate a new token with firebase login:ci
    at invalidCredentialError (C:\Users\rishi\AppData\Roaming\nvm\v16.13.1\node_modules\firebase-tools\lib\auth.js:141:12)
    at refreshTokens (C:\Users\rishi\AppData\Roaming\nvm\v16.13.1\node_modules\firebase-tools\lib\auth.js:448:15)
    at processTicksAndRejections (node:internal/process/task_queues:96:5)
    at async Client.getAccessToken (C:\Users\rishi\AppData\Roaming\nvm\v16.13.1\node_modules\firebase-tools\lib\apiv2.js:146:23)
    at async Client.addAuthHeader (C:\Users\rishi\AppData\Roaming\nvm\v16.13.1\node_modules\firebase-tools\lib\apiv2.js:137:21)
    at async Client.request (C:\Users\rishi\AppData\Roaming\nvm\v16.13.1\node_modules\firebase-tools\lib\apiv2.js:93:34)
    at async Object.getFirebaseProject (C:\Users\rishi\AppData\Roaming\nvm\v16.13.1\node_modules\firebase-tools\lib\management\projects.js:290:21)
    at async Object.doSetup [as project] (C:\Users\rishi\AppData\Roaming\nvm\v16.13.1\node_modules\firebase-tools\lib\init\features\project.js:85:27)
    at async init (C:\Users\rishi\AppData\Roaming\nvm\v16.13.1\node_modules\firebase-tools\lib\init\index.js:19:9)
[error] 
[error] Error: Failed to get Firebase project multitasker-d37e8. Please make sure the project exists and your account has permission to access it.
